#
# There is insufficient memory for the Java Runtime Environment to continue.
# Native memory allocation (malloc) failed to allocate 1048576 bytes for AllocateHeap
# Possible reasons:
#   The system is out of physical RAM or swap space
#   In 32 bit mode, the process size limit was hit
# Possible solutions:
#   Reduce memory load on the system
#   Increase physical memory or swap space
#   Check if swap backing store is full
#   Use 64 bit Java on a 64 bit OS
#   Decrease Java heap size (-Xmx/-Xms)
#   Decrease number of Java threads
#   Decrease Java thread stack sizes (-Xss)
#   Set larger code cache with -XX:ReservedCodeCacheSize=
# This output file may be truncated or incomplete.
#
#  Out of Memory Error (memory/allocation.inline.hpp:61), pid=15268, tid=0x000000000000276c
#
# JRE version:  (8.0) (build )
# Java VM: OpenJDK 64-Bit Server VM (25.71-b00 mixed mode windows-amd64 compressed oops)
# Failed to write core dump. Minidumps are not enabled by default on client versions of Windows
#

---------------  T H R E A D  ---------------

Current thread (0x00000000014dd800):  JavaThread "Unknown thread" [_thread_in_vm, id=10092, stack(0x0000000002d00000,0x0000000002e00000)]

Stack: [0x0000000002d00000,0x0000000002e00000]
[error occurred during error reporting (printing stack bounds), id 0xc0000005]

Native frames: (J=compiled Java code, j=interpreted, Vv=VM code, C=native code)


---------------  P R O C E S S  ---------------

Java Threads: ( => current thread )

Other Threads:

=>0x00000000014dd800 (exited) JavaThread "Unknown thread" [_thread_in_vm, id=10092, stack(0x0000000002d00000,0x0000000002e00000)]

VM state:not at safepoint (normal execution)

VM Mutex/Monitor currently owned by a thread: None

Heap:
 PSYoungGen      total 37888K, used 655K [0x00000000d6000000, 0x00000000d8a00000, 0x0000000100000000)
  eden space 32768K, 2% used [0x00000000d6000000,0x00000000d60a3d80,0x00000000d8000000)
  from space 5120K, 0% used [0x00000000d8500000,0x00000000d8500000,0x00000000d8a00000)
  to   space 5120K, 0% used [0x00000000d8000000,0x00000000d8000000,0x00000000d8500000)
 ParOldGen       total 86016K, used 0K [0x0000000082000000, 0x0000000087400000, 0x00000000d6000000)
  object space 86016K, 0% used [0x0000000082000000,0x0000000082000000,0x0000000087400000)
 Metaspace       used 777K, capacity 4480K, committed 4480K, reserved 1056768K
  class space    used 74K, capacity 384K, committed 384K, reserved 1048576K

Card table byte_map: [0x00000000122c0000,0x00000000126c0000] byte_map_base: 0x0000000011eb0000

Marking Bits: (ParMarkBitMap*) 0x000000007511be50
 Begin Bits: [0x0000000013160000, 0x00000000150e0000)
 End Bits:   [0x00000000150e0000, 0x0000000017060000)

Polling page: 0x0000000001470000

CodeCache: size=245760Kb used=328Kb max_used=328Kb free=245431Kb
 bounds [0x0000000002f00000, 0x0000000003170000, 0x0000000011f00000]
 total_blobs=57 nmethods=0 adapters=38
 compilation: enabled

Compilation events (0 events):
No events

GC Heap History (0 events):
No events

Deoptimization events (0 events):
No events

Classes redefined (0 events):
No events

Internal exceptions (0 events):
No events

Events (10 events):
Event: 0.016 loading class java/lang/Short
Event: 0.016 loading class java/lang/Short done
Event: 0.016 loading class java/lang/Integer
Event: 0.016 loading class java/lang/Integer done
Event: 0.016 loading class java/lang/Long
Event: 0.016 loading class java/lang/Long done
Event: 0.018 loading class java/lang/NullPointerException
Event: 0.018 loading class java/lang/NullPointerException done
Event: 0.018 loading class java/lang/ArithmeticException
Event: 0.018 loading class java/lang/ArithmeticException done


Dynamic libraries:
0x00007ff77b370000 - 0x00007ff77b3a5000 	C:\Program Files\Unity\Editor\Data\PlaybackEngines\AndroidPlayer\Tools\OpenJDK\Windows\bin\java.exe
0x00007ffcfe4c0000 - 0x00007ffcfe6b0000 	C:\WINDOWS\SYSTEM32\ntdll.dll
0x00007ffcfdbf0000 - 0x00007ffcfdca2000 	C:\WINDOWS\System32\KERNEL32.DLL
0x00007ffcfc170000 - 0x00007ffcfc413000 	C:\WINDOWS\System32\KERNELBASE.dll
0x00007ffcfd3e0000 - 0x00007ffcfd483000 	C:\WINDOWS\System32\ADVAPI32.dll
0x00007ffcfda00000 - 0x00007ffcfda9e000 	C:\WINDOWS\System32\msvcrt.dll
0x00007ffcfdee0000 - 0x00007ffcfdf77000 	C:\WINDOWS\System32\sechost.dll
0x00007ffcfca50000 - 0x00007ffcfcb70000 	C:\WINDOWS\System32\RPCRT4.dll
0x00007ffcfc8b0000 - 0x00007ffcfca44000 	C:\WINDOWS\System32\USER32.dll
0x00007ffcfb740000 - 0x00007ffcfb761000 	C:\WINDOWS\System32\win32u.dll
0x00007ffcfd9d0000 - 0x00007ffcfd9f6000 	C:\WINDOWS\System32\GDI32.dll
0x00007ffcfb4b0000 - 0x00007ffcfb644000 	C:\WINDOWS\System32\gdi32full.dll
0x00007ffcfb6a0000 - 0x00007ffcfb73e000 	C:\WINDOWS\System32\msvcp_win.dll
0x00007ffcfb8f0000 - 0x00007ffcfb9ea000 	C:\WINDOWS\System32\ucrtbase.dll
0x00007ffcea650000 - 0x00007ffcea8d5000 	C:\WINDOWS\WinSxS\amd64_microsoft.windows.common-controls_6595b64144ccf1df_6.0.18362.535_none_e6c3b34713100821\COMCTL32.dll
0x00007ffcfc570000 - 0x00007ffcfc8a6000 	C:\WINDOWS\System32\combase.dll
0x00007ffcfb790000 - 0x00007ffcfb810000 	C:\WINDOWS\System32\bcryptPrimitives.dll
0x00007ffcfd3b0000 - 0x00007ffcfd3de000 	C:\WINDOWS\System32\IMM32.DLL
0x0000000076660000 - 0x0000000076732000 	C:\Program Files\Unity\Editor\Data\PlaybackEngines\AndroidPlayer\Tools\OpenJDK\Windows\jre\bin\msvcr100.dll
0x0000000074950000 - 0x0000000075199000 	C:\Program Files\Unity\Editor\Data\PlaybackEngines\AndroidPlayer\Tools\OpenJDK\Windows\jre\bin\server\jvm.dll
0x00007ffcfcbd0000 - 0x00007ffcfcbd8000 	C:\WINDOWS\System32\PSAPI.DLL
0x00007ffcf6510000 - 0x00007ffcf6519000 	C:\WINDOWS\SYSTEM32\WSOCK32.dll
0x00007ffcf6290000 - 0x00007ffcf62b4000 	C:\WINDOWS\SYSTEM32\WINMM.dll
0x00007ffcebc80000 - 0x00007ffcebc8a000 	C:\WINDOWS\SYSTEM32\VERSION.dll
0x00007ffcfd5c0000 - 0x00007ffcfd62f000 	C:\WINDOWS\System32\WS2_32.dll
0x00007ffcf6260000 - 0x00007ffcf628d000 	C:\WINDOWS\SYSTEM32\winmmbase.dll
0x00007ffcfb650000 - 0x00007ffcfb69a000 	C:\WINDOWS\System32\cfgmgr32.dll
0x00007ffcf64a0000 - 0x00007ffcf64af000 	C:\Program Files\Unity\Editor\Data\PlaybackEngines\AndroidPlayer\Tools\OpenJDK\Windows\jre\bin\verify.dll
0x00007ffcf5470000 - 0x00007ffcf5499000 	C:\Program Files\Unity\Editor\Data\PlaybackEngines\AndroidPlayer\Tools\OpenJDK\Windows\jre\bin\java.dll
0x00007ffcf6220000 - 0x00007ffcf6236000 	C:\Program Files\Unity\Editor\Data\PlaybackEngines\AndroidPlayer\Tools\OpenJDK\Windows\jre\bin\zip.dll

VM Arguments:
java_command: <unknown>
java_class_path (initial): .
Launcher Type: SUN_STANDARD

Environment Variables:
JAVA_HOME=C:\Program Files\Unity\Editor\Data\PlaybackEngines\AndroidPlayer/Tools\OpenJDK\Windows
PATH=C:\Program Files (x86)\Common Files\Oracle\Java\javapath;C:\WINDOWS\system32;C:\WINDOWS;C:\WINDOWS\System32\Wbem;C:\WINDOWS\System32\WindowsPowerShell\v1.0\;C:\WINDOWS\System32\OpenSSH\;C:\Program Files (x86)\Microsoft SQL Server\110\Tools\Binn\;C:\Program Files\Microsoft SQL Server\110\Tools\Binn\;C:\Program Files\Microsoft SQL Server\110\DTS\Binn\;C:\Program Files (x86)\Microsoft SQL Server\110\Tools\Binn\ManagementStudio\;C:\Program Files (x86)\Microsoft Visual Studio 10.0\Common7\IDE\PrivateAssemblies\;C:\Program Files (x86)\Microsoft SQL Server\110\DTS\Binn\;C:\Program Files\Git\cmd;C:\FPC\3.0.4\bin\i386-Win32;C:\Users\DELL\AppData\Local\Microsoft\WindowsApps;
USERNAME=DELL
OS=Windows_NT
PROCESSOR_IDENTIFIER=Intel64 Family 6 Model 142 Stepping 10, GenuineIntel



---------------  S Y S T E M  ---------------

OS: Windows 10.0 , 64 bit Build 18362 (10.0.18362.329)

CPU:total 8 (initial active 8) (4 cores per cpu, 2 threads per core) family 6 model 142 stepping 10, cmov, cx8, fxsr, mmx, sse, sse2, sse3, ssse3, sse4.1, sse4.2, popcnt, avx, avx2, aes, clmul, erms, 3dnowpref, lzcnt, ht, tsc, tscinvbit, bmi1, bmi2, adx

Memory: 4k page, physical 8250436k(1234920k free), swap 12444740k(6032k free)

vm_info: OpenJDK 64-Bit Server VM (25.71-b00) for windows-amd64 JRE (1.8.0-adoptopenjdk-_2018_05_19_00_59-b00), built on May 19 2018 01:02:12 by "jenkins" with MS VC++ 10.0 (VS2010)

time: Mon Mar 02 23:45:15 2020
elapsed time: 0 seconds (0d 0h 0m 0s)

